[    1941ms] [INFO] %cDownload the React DevTools for a better development experience: https://react.dev/link/react-devtools font-weight:bold @ http://localhost:3001/_next/static/chunks/0tuj_next_dist_0za6qwj._.js:2431
[    2022ms] [LOG] [HMR] connected @ http://localhost:3001/_next/static/chunks/0tuj_next_dist_0za6qwj._.js:2431
[    2175ms] [LOG] [Fast Refresh] rebuilding @ http://localhost:3001/_next/static/chunks/0tuj_next_dist_0za6qwj._.js:2431
[    2271ms] [ERROR] Failed to load resource: the server responded with a status of 404 (Not Found) @ http://localhost:3001/icon-192.png:0
[    2272ms] [LOG] [Fast Refresh] done in 216ms @ http://localhost:3001/_next/static/chunks/0tuj_next_dist_0za6qwj._.js:2431
[    2326ms] [WARNING] Error while trying to use the following icon from the Manifest: http://localhost:3001/icon-192.png (Download error or resource isn't a valid image) @ http://localhost:3001/:0
[   48312ms] [LOG] [Fast Refresh] rebuilding @ http://localhost:3001/_next/static/chunks/0tuj_next_dist_0za6qwj._.js:2431
[   49354ms] [LOG] [Fast Refresh] done in 1145ms @ http://localhost:3001/_next/static/chunks/0tuj_next_dist_0za6qwj._.js:2431
[   49551ms] [ERROR] Failed to load resource: the server responded with a status of 404 (Not Found) @ http://localhost:3001/icon-192.png:0
[   49554ms] [WARNING] Error while trying to use the following icon from the Manifest: http://localhost:3001/icon-192.png (Download error or resource isn't a valid image) @ http://localhost:3001/services?category=baby-shower:0
[   54582ms] [LOG] [Fast Refresh] rebuilding @ http://localhost:3001/_next/static/chunks/0tuj_next_dist_0za6qwj._.js:2431
[   54838ms] [LOG] [Fast Refresh] done in 357ms @ http://localhost:3001/_next/static/chunks/0tuj_next_dist_0za6qwj._.js:2431
[   55017ms] [ERROR] Failed to load resource: the server responded with a status of 404 (Not Found) @ http://localhost:3001/icon-192.png:0
[   55030ms] [WARNING] Error while trying to use the following icon from the Manifest: http://localhost:3001/icon-192.png (Download error or resource isn't a valid image) @ http://localhost:3001/gallery:0
[   60554ms] [ERROR] Failed to load resource: the server responded with a status of 404 (Not Found) @ http://localhost:3001/icon-192.png:0
[   60556ms] [WARNING] Error while trying to use the following icon from the Manifest: http://localhost:3001/icon-192.png (Download error or resource isn't a valid image) @ http://localhost:3001/services:0
[   63566ms] [LOG] [Fast Refresh] rebuilding @ http://localhost:3001/_next/static/chunks/0tuj_next_dist_0za6qwj._.js:2431
[   63881ms] [LOG] [Fast Refresh] done in 415ms @ http://localhost:3001/_next/static/chunks/0tuj_next_dist_0za6qwj._.js:2431
[   63983ms] [ERROR] Failed to load resource: the server responded with a status of 404 (Not Found) @ http://localhost:3001/icon-192.png:0
[   63987ms] [WARNING] Error while trying to use the following icon from the Manifest: http://localhost:3001/icon-192.png (Download error or resource isn't a valid image) @ http://localhost:3001/contact:0
[   71506ms] [ERROR] Failed to load resource: the server responded with a status of 404 (Not Found) @ http://localhost:3001/icon-192.png:0
[   71509ms] [WARNING] Error while trying to use the following icon from the Manifest: http://localhost:3001/icon-192.png (Download error or resource isn't a valid image) @ http://localhost:3001/:0
[  260789ms] [ERROR] Failed to load resource: the server responded with a status of 404 (Not Found) @ http://localhost:3001/icon-192.png:0
[  260794ms] [WARNING] Error while trying to use the following icon from the Manifest: http://localhost:3001/icon-192.png (Download error or resource isn't a valid image) @ http://localhost:3001/services?category=haldi:0
[  267033ms] [ERROR] Failed to load resource: the server responded with a status of 404 (Not Found) @ http://localhost:3001/icon-192.png:0
[  267046ms] [WARNING] Error while trying to use the following icon from the Manifest: http://localhost:3001/icon-192.png (Download error or resource isn't a valid image) @ http://localhost:3001/:0
[  483476ms] [LOG] [Fast Refresh] rebuilding @ http://localhost:3001/_next/static/chunks/0tuj_next_dist_0za6qwj._.js:2431
[  483602ms] [LOG] [Fast Refresh] done in 229ms @ http://localhost:3001/_next/static/chunks/0tuj_next_dist_0za6qwj._.js:2431
[  495625ms] [LOG] [Fast Refresh] rebuilding @ http://localhost:3001/_next/static/chunks/0tuj_next_dist_0za6qwj._.js:2431
[  495630ms] [LOG] [Fast Refresh] done in 106ms @ http://localhost:3001/_next/static/chunks/0tuj_next_dist_0za6qwj._.js:2431
[  510867ms] [INFO] %cDownload the React DevTools for a better development experience: https://react.dev/link/react-devtools font-weight:bold @ http://localhost:3001/_next/static/chunks/0tuj_next_dist_0za6qwj._.js:2431
[  510913ms] [LOG] [HMR] connected @ http://localhost:3001/_next/static/chunks/0tuj_next_dist_0za6qwj._.js:2431
[  510986ms] [ERROR] Failed to load resource: the server responded with a status of 404 (Not Found) @ http://localhost:3001/icon-192.png:0
[  510992ms] [WARNING] Error while trying to use the following icon from the Manifest: http://localhost:3001/icon-192.png (Download error or resource isn't a valid image) @ http://localhost:3001/:0
[  531213ms] [LOG] [Fast Refresh] rebuilding @ http://localhost:3001/_next/static/chunks/0tuj_next_dist_0za6qwj._.js:2431
[  532122ms] [LOG] [Fast Refresh] done in 1010ms @ http://localhost:3001/_next/static/chunks/0tuj_next_dist_0za6qwj._.js:2431
[  532324ms] [ERROR] Failed to load resource: the server responded with a status of 404 (Not Found) @ http://localhost:3001/icon-192.png:0
[  532338ms] [WARNING] Error while trying to use the following icon from the Manifest: http://localhost:3001/icon-192.png (Download error or resource isn't a valid image) @ http://localhost:3001/booking:0
[  575552ms] [ERROR] Failed to load resource: the server responded with a status of 404 (Not Found) @ http://localhost:3001/icon-192.png:0
[  575555ms] [WARNING] Error while trying to use the following icon from the Manifest: http://localhost:3001/icon-192.png (Download error or resource isn't a valid image) @ http://localhost:3001/:0
[  659649ms] [LOG] [Fast Refresh] rebuilding @ http://localhost:3001/_next/static/chunks/0tuj_next_dist_0za6qwj._.js:2431
[  659674ms] [LOG] [Fast Refresh] done in 127ms @ http://localhost:3001/_next/static/chunks/0tuj_next_dist_0za6qwj._.js:2431
[  909556ms] [LOG] [Fast Refresh] rebuilding @ http://localhost:3001/_next/static/chunks/0tuj_next_dist_0za6qwj._.js:2431
[  909587ms] [LOG] [Fast Refresh] done in 136ms @ http://localhost:3001/_next/static/chunks/0tuj_next_dist_0za6qwj._.js:2431
[  944091ms] [LOG] [Fast Refresh] rebuilding @ http://localhost:3001/_next/static/chunks/0tuj_next_dist_0za6qwj._.js:2431
[  944105ms] [LOG] [Fast Refresh] done in 118ms @ http://localhost:3001/_next/static/chunks/0tuj_next_dist_0za6qwj._.js:2431
[  976442ms] [LOG] [Fast Refresh] rebuilding @ http://localhost:3001/_next/static/chunks/0tuj_next_dist_0za6qwj._.js:2431
[  978350ms] [LOG] [Fast Refresh] done in 1994ms @ http://localhost:3001/_next/static/chunks/0tuj_next_dist_0za6qwj._.js:2431
[  978596ms] [LOG] [Fast Refresh] rebuilding @ http://localhost:3001/_next/static/chunks/0tuj_next_dist_0za6qwj._.js:2431
[  979473ms] [LOG] [Fast Refresh] done in 979ms @ http://localhost:3001/_next/static/chunks/0tuj_next_dist_0za6qwj._.js:2431
[  980377ms] [LOG] [Fast Refresh] rebuilding @ http://localhost:3001/_next/static/chunks/0tuj_next_dist_0za6qwj._.js:2431
[  980735ms] [LOG] [Fast Refresh] done in 460ms @ http://localhost:3001/_next/static/chunks/0tuj_next_dist_0za6qwj._.js:2431
[  981352ms] [INFO] %cDownload the React DevTools for a better development experience: https://react.dev/link/react-devtools font-weight:bold @ http://localhost:3001/_next/static/chunks/0tuj_next_dist_0za6qwj._.js:2431
[  981455ms] [LOG] [HMR] connected @ http://localhost:3001/_next/static/chunks/0tuj_next_dist_0za6qwj._.js:2431
[  981666ms] [LOG] [Fast Refresh] rebuilding @ http://localhost:3001/_next/static/chunks/0tuj_next_dist_0za6qwj._.js:2431
[  981891ms] [LOG] [Fast Refresh] done in 334ms @ http://localhost:3001/_next/static/chunks/0tuj_next_dist_0za6qwj._.js:2431
[  981949ms] [ERROR] Failed to load resource: the server responded with a status of 404 (Not Found) @ http://localhost:3001/icon-192.png:0
[  981959ms] [WARNING] Error while trying to use the following icon from the Manifest: http://localhost:3001/icon-192.png (Download error or resource isn't a valid image) @ http://localhost:3001/:0
[  990819ms] [LOG] [Fast Refresh] rebuilding @ http://localhost:3001/_next/static/chunks/0tuj_next_dist_0za6qwj._.js:2431
[  990823ms] [LOG] [Fast Refresh] done in 104ms @ http://localhost:3001/_next/static/chunks/0tuj_next_dist_0za6qwj._.js:2431
[  990902ms] [INFO] %cDownload the React DevTools for a better development experience: https://react.dev/link/react-devtools font-weight:bold @ http://localhost:3001/_next/static/chunks/0tuj_next_dist_0za6qwj._.js:2431
[  990943ms] [LOG] [HMR] connected @ http://localhost:3001/_next/static/chunks/0tuj_next_dist_0za6qwj._.js:2431
[  991059ms] [ERROR] Failed to load resource: the server responded with a status of 404 (Not Found) @ http://localhost:3001/icon-192.png:0
[  991077ms] [WARNING] Error while trying to use the following icon from the Manifest: http://localhost:3001/icon-192.png (Download error or resource isn't a valid image) @ http://localhost:3001/:0
[ 1107209ms] [LOG] [Fast Refresh] rebuilding @ http://localhost:3001/_next/static/chunks/0tuj_next_dist_0za6qwj._.js:2431
[ 1108595ms] [LOG] [Fast Refresh] done in 1138ms @ http://localhost:3001/_next/static/chunks/0tuj_next_dist_0za6qwj._.js:2431
[ 1108722ms] [LOG] [Fast Refresh] rebuilding @ http://localhost:3001/_next/static/chunks/0tuj_next_dist_0za6qwj._.js:2431
[ 1108795ms] [LOG] [Fast Refresh] done in 173ms @ http://localhost:3001/_next/static/chunks/0tuj_next_dist_0za6qwj._.js:2431
[ 1109437ms] [INFO] %cDownload the React DevTools for a better development experience: https://react.dev/link/react-devtools font-weight:bold @ http://localhost:3001/_next/static/chunks/0tuj_next_dist_0za6qwj._.js:2431
[ 1109493ms] [LOG] [HMR] connected @ http://localhost:3001/_next/static/chunks/0tuj_next_dist_0za6qwj._.js:2431
[ 1109693ms] [ERROR] Failed to load resource: the server responded with a status of 404 (Not Found) @ http://localhost:3001/icon-192.png:0
[ 1109704ms] [WARNING] Error while trying to use the following icon from the Manifest: http://localhost:3001/icon-192.png (Download error or resource isn't a valid image) @ http://localhost:3001/:0
[ 1347868ms] [LOG] [Fast Refresh] rebuilding @ http://localhost:3001/_next/static/chunks/0tuj_next_dist_0za6qwj._.js:2431
[ 1348410ms] [LOG] [Fast Refresh] done in 413ms @ http://localhost:3001/_next/static/chunks/0tuj_next_dist_0za6qwj._.js:2431
[ 1452714ms] [LOG] [Fast Refresh] rebuilding @ http://localhost:3001/_next/static/chunks/0tuj_next_dist_0za6qwj._.js:2431
[ 1453549ms] [LOG] [Fast Refresh] done in 676ms @ http://localhost:3001/_next/static/chunks/0tuj_next_dist_0za6qwj._.js:2431
[ 1629795ms] [LOG] [Fast Refresh] rebuilding @ http://localhost:3001/_next/static/chunks/0tuj_next_dist_0za6qwj._.js:2431
[ 1630470ms] [LOG] [Fast Refresh] done in 605ms @ http://localhost:3001/_next/static/chunks/0tuj_next_dist_0za6qwj._.js:2431
[ 1631141ms] [LOG] [Fast Refresh] rebuilding @ http://localhost:3001/_next/static/chunks/0tuj_next_dist_0za6qwj._.js:2431
[ 1631340ms] [LOG] [Fast Refresh] done in 300ms @ http://localhost:3001/_next/static/chunks/0tuj_next_dist_0za6qwj._.js:2431
[ 1681854ms] [LOG] [Fast Refresh] rebuilding @ http://localhost:3001/_next/static/chunks/0tuj_next_dist_0za6qwj._.js:2431
[ 1682399ms] [LOG] [Fast Refresh] done in 647ms @ http://localhost:3001/_next/static/chunks/0tuj_next_dist_0za6qwj._.js:2431
[ 1682615ms] [LOG] [Fast Refresh] rebuilding @ http://localhost:3001/_next/static/chunks/0tuj_next_dist_0za6qwj._.js:2431
[ 1682940ms] [LOG] [Fast Refresh] done in 491ms @ http://localhost:3001/_next/static/chunks/0tuj_next_dist_0za6qwj._.js:2431
[ 1683032ms] [ERROR] Failed to load resource: the server responded with a status of 404 (Not Found) @ http://localhost:3001/icon-192.png:0
[ 1683042ms] [WARNING] Error while trying to use the following icon from the Manifest: http://localhost:3001/icon-192.png (Download error or resource isn't a valid image) @ http://localhost:3001/booking:0
[ 1701707ms] [LOG] [Fast Refresh] rebuilding @ http://localhost:3001/_next/static/chunks/0tuj_next_dist_0za6qwj._.js:2431
[ 1701717ms] [LOG] [Fast Refresh] done in 111ms @ http://localhost:3001/_next/static/chunks/0tuj_next_dist_0za6qwj._.js:2431
[ 1701839ms] [LOG] [Fast Refresh] rebuilding @ http://localhost:3001/_next/static/chunks/0tuj_next_dist_0za6qwj._.js:2431
[ 1701920ms] [LOG] [Fast Refresh] done in 183ms @ http://localhost:3001/_next/static/chunks/0tuj_next_dist_0za6qwj._.js:2431
[ 1701922ms] [ERROR] Failed to load resource: the server responded with a status of 404 (Not Found) @ http://localhost:3001/icon-192.png:0
[ 1701927ms] [WARNING] Error while trying to use the following icon from the Manifest: http://localhost:3001/icon-192.png (Download error or resource isn't a valid image) @ http://localhost:3001/contact:0
[ 1707331ms] [ERROR] Failed to load resource: the server responded with a status of 404 (Not Found) @ http://localhost:3001/icon-192.png:0
[ 1707346ms] [WARNING] Error while trying to use the following icon from the Manifest: http://localhost:3001/icon-192.png (Download error or resource isn't a valid image) @ http://localhost:3001/services?category=anniversary:0
[ 1712442ms] [ERROR] Failed to load resource: the server responded with a status of 404 (Not Found) @ http://localhost:3001/icon-192.png:0
[ 1712446ms] [WARNING] Error while trying to use the following icon from the Manifest: http://localhost:3001/icon-192.png (Download error or resource isn't a valid image) @ http://localhost:3001/:0
[ 1714210ms] [LOG] [Fast Refresh] rebuilding @ http://localhost:3001/_next/static/chunks/0tuj_next_dist_0za6qwj._.js:2431
[ 1714297ms] [LOG] [Fast Refresh] done in 188ms @ http://localhost:3001/_next/static/chunks/0tuj_next_dist_0za6qwj._.js:2431
[ 1714299ms] [ERROR] Failed to load resource: the server responded with a status of 404 (Not Found) @ http://localhost:3001/icon-192.png:0
[ 1714302ms] [WARNING] Error while trying to use the following icon from the Manifest: http://localhost:3001/icon-192.png (Download error or resource isn't a valid image) @ http://localhost:3001/gallery:0
[ 1722999ms] [ERROR] Failed to load resource: the server responded with a status of 404 (Not Found) @ http://localhost:3001/icon-192.png:0
[ 1723004ms] [WARNING] Error while trying to use the following icon from the Manifest: http://localhost:3001/icon-192.png (Download error or resource isn't a valid image) @ http://localhost:3001/services?category=baby-shower:0
[ 1725637ms] [ERROR] Failed to load resource: the server responded with a status of 404 (Not Found) @ http://localhost:3001/icon-192.png:0
[ 1725646ms] [WARNING] Error while trying to use the following icon from the Manifest: http://localhost:3001/icon-192.png (Download error or resource isn't a valid image) @ http://localhost:3001/:0
[ 1852334ms] [LOG] [Fast Refresh] rebuilding @ http://localhost:3001/_next/static/chunks/0tuj_next_dist_0za6qwj._.js:2431
[ 1852885ms] [LOG] [Fast Refresh] done in 639ms @ http://localhost:3001/_next/static/chunks/0tuj_next_dist_0za6qwj._.js:2431
[ 1916693ms] [LOG] [Fast Refresh] rebuilding @ http://localhost:3001/_next/static/chunks/0tuj_next_dist_0za6qwj._.js:2431
[ 1916882ms] [LOG] [Fast Refresh] done in 274ms @ http://localhost:3001/_next/static/chunks/0tuj_next_dist_0za6qwj._.js:2431
[ 2090568ms] [LOG] [Fast Refresh] rebuilding @ http://localhost:3001/_next/static/chunks/0tuj_next_dist_0za6qwj._.js:2431
[ 2092002ms] [LOG] [Fast Refresh] done in 1367ms @ http://localhost:3001/_next/static/chunks/0tuj_next_dist_0za6qwj._.js:2431
[ 2092104ms] [LOG] [Fast Refresh] rebuilding @ http://localhost:3001/_next/static/chunks/0tuj_next_dist_0za6qwj._.js:2431
[ 2092752ms] [LOG] [Fast Refresh] done in 750ms @ http://localhost:3001/_next/static/chunks/0tuj_next_dist_0za6qwj._.js:2431
[ 2093973ms] [LOG] [Fast Refresh] rebuilding @ http://localhost:3001/_next/static/chunks/0tuj_next_dist_0za6qwj._.js:2431
[ 2094057ms] [LOG] [Fast Refresh] done in 184ms @ http://localhost:3001/_next/static/chunks/0tuj_next_dist_0za6qwj._.js:2431
[ 2094176ms] [LOG] [Fast Refresh] rebuilding @ http://localhost:3001/_next/static/chunks/0tuj_next_dist_0za6qwj._.js:2431
[ 2094202ms] [LOG] [Fast Refresh] done in 126ms @ http://localhost:3001/_next/static/chunks/0tuj_next_dist_0za6qwj._.js:2431
[ 2094609ms] [ERROR] Failed to load resource: the server responded with a status of 404 (Not Found) @ http://localhost:3001/icon-192.png:0
[ 2094646ms] [WARNING] Error while trying to use the following icon from the Manifest: http://localhost:3001/icon-192.png (Download error or resource isn't a valid image) @ http://localhost:3001/:0
[ 2173857ms] [LOG] [Fast Refresh] rebuilding @ http://localhost:3001/_next/static/chunks/0tuj_next_dist_0za6qwj._.js:2431
[ 2174960ms] [LOG] [Fast Refresh] done in 1031ms @ http://localhost:3001/_next/static/chunks/0tuj_next_dist_0za6qwj._.js:2431
[ 2205470ms] [LOG] [Fast Refresh] rebuilding @ http://localhost:3001/_next/static/chunks/0tuj_next_dist_0za6qwj._.js:2431
[ 2205576ms] [LOG] [Fast Refresh] done in 181ms @ http://localhost:3001/_next/static/chunks/0tuj_next_dist_0za6qwj._.js:2431
[ 2276260ms] [ERROR] WebSocket connection to 'ws://localhost:3001/_next/webpack-hmr?id=BGabXVR-GPuLCArwaJxVw' failed: Error in connection establishment: net::ERR_CONNECTION_REFUSED @ http://localhost:3001/_next/static/chunks/0tuj_next_dist_client_12nd8.n._.js:13299
[ 2277266ms] [ERROR] WebSocket connection to 'ws://localhost:3001/_next/webpack-hmr?id=BGabXVR-GPuLCArwaJxVw' failed: Error in connection establishment: net::ERR_CONNECTION_REFUSED @ http://localhost:3001/_next/static/chunks/0tuj_next_dist_client_12nd8.n._.js:13299
[ 2278271ms] [ERROR] WebSocket connection to 'ws://localhost:3001/_next/webpack-hmr?id=BGabXVR-GPuLCArwaJxVw' failed: Error in connection establishment: net::ERR_CONNECTION_REFUSED @ http://localhost:3001/_next/static/chunks/0tuj_next_dist_client_12nd8.n._.js:13299
[ 2279275ms] [ERROR] WebSocket connection to 'ws://localhost:3001/_next/webpack-hmr?id=BGabXVR-GPuLCArwaJxVw' failed: Error in connection establishment: net::ERR_CONNECTION_REFUSED @ http://localhost:3001/_next/static/chunks/0tuj_next_dist_client_12nd8.n._.js:13299
[ 2280283ms] [ERROR] WebSocket connection to 'ws://localhost:3001/_next/webpack-hmr?id=BGabXVR-GPuLCArwaJxVw' failed: Error in connection establishment: net::ERR_CONNECTION_REFUSED @ http://localhost:3001/_next/static/chunks/0tuj_next_dist_client_12nd8.n._.js:13299
[ 2285292ms] [ERROR] WebSocket connection to 'ws://localhost:3001/_next/webpack-hmr?id=BGabXVR-GPuLCArwaJxVw' failed: Error in connection establishment: net::ERR_CONNECTION_REFUSED @ http://localhost:3001/_next/static/chunks/0tuj_next_dist_client_12nd8.n._.js:13299
[ 2290299ms] [ERROR] WebSocket connection to 'ws://localhost:3001/_next/webpack-hmr?id=BGabXVR-GPuLCArwaJxVw' failed: Error in connection establishment: net::ERR_CONNECTION_REFUSED @ http://localhost:3001/_next/static/chunks/0tuj_next_dist_client_12nd8.n._.js:13299
[ 2295319ms] [ERROR] WebSocket connection to 'ws://localhost:3001/_next/webpack-hmr?id=BGabXVR-GPuLCArwaJxVw' failed: Error in connection establishment: net::ERR_CONNECTION_REFUSED @ http://localhost:3001/_next/static/chunks/0tuj_next_dist_client_12nd8.n._.js:13299
[ 2300360ms] [ERROR] WebSocket connection to 'ws://localhost:3001/_next/webpack-hmr?id=BGabXVR-GPuLCArwaJxVw' failed: Error in connection establishment: net::ERR_CONNECTION_REFUSED @ http://localhost:3001/_next/static/chunks/0tuj_next_dist_client_12nd8.n._.js:13299
[ 2305438ms] [ERROR] WebSocket connection to 'ws://localhost:3001/_next/webpack-hmr?id=BGabXVR-GPuLCArwaJxVw' failed: Error in connection establishment: net::ERR_CONNECTION_REFUSED @ http://localhost:3001/_next/static/chunks/0tuj_next_dist_client_12nd8.n._.js:13299
[ 2310539ms] [ERROR] WebSocket connection to 'ws://localhost:3001/_next/webpack-hmr?id=BGabXVR-GPuLCArwaJxVw' failed: Error in connection establishment: net::ERR_CONNECTION_REFUSED @ http://localhost:3001/_next/static/chunks/0tuj_next_dist_client_12nd8.n._.js:13299
[ 2315655ms] [ERROR] WebSocket connection to 'ws://localhost:3001/_next/webpack-hmr?id=BGabXVR-GPuLCArwaJxVw' failed: Error in connection establishment: net::ERR_CONNECTION_REFUSED @ http://localhost:3001/_next/static/chunks/0tuj_next_dist_client_12nd8.n._.js:13299
